[info] Log at : 2023/11/30|23:06:00|GMT+0800

[info] Log at : 2023/11/30|23:06:15|GMT+0800

[info] Log at : 2023/12/1|09:19:05|GMT+0800

[info] Log at : 2023/12/1|09:21:35|GMT+0800

[info] Log at : 2023/12/1|12:35:22|GMT+0800

[info] Log at : 2023/12/1|13:40:04|GMT+0800

[info] Log at : 2023/12/1|13:40:12|GMT+0800

[info] Log at : 2023/12/1|14:21:03|GMT+0800

SyntaxError: Expected double-quoted property name in JSON at position 3554
    at JSON.parse (<anonymous>)
    at F.updateCppProperties (c:\Users\Administrator\.vscode\extensions\cl.keil-assistant-1.7.0\dist\extension.js:1:10911)
    at F.<anonymous> (c:\Users\Administrator\.vscode\extensions\cl.keil-assistant-1.7.0\dist\extension.js:1:12641)
    at Generator.next (<anonymous>)
    at c:\Users\Administrator\.vscode\extensions\cl.keil-assistant-1.7.0\dist\extension.js:1:4542
    at new Promise (<anonymous>)
    at r (c:\Users\Administrator\.vscode\extensions\cl.keil-assistant-1.7.0\dist\extension.js:1:4287)
    at F.load (c:\Users\Administrator\.vscode\extensions\cl.keil-assistant-1.7.0\dist\extension.js:1:11372)
    at w.<anonymous> (c:\Users\Administrator\.vscode\extensions\cl.keil-assistant-1.7.0\dist\extension.js:1:8799)
    at Generator.next (<anonymous>)
    at a (c:\Users\Administrator\.vscode\extensions\cl.keil-assistant-1.7.0\dist\extension.js:1:4344)
[info] Log at : 2023/12/1|14:27:41|GMT+0800

[info] Log at : 2023/12/1|14:28:50|GMT+0800

[info] Log at : 2023/12/1|14:28:58|GMT+0800

[info] Log at : 2023/12/1|14:41:47|GMT+0800

[info] Log at : 2023/12/1|14:45:38|GMT+0800

[info] Log at : 2023/12/1|14:48:12|GMT+0800

[info] Log at : 2023/12/1|14:52:07|GMT+0800

[info] Log at : 2023/12/1|14:52:24|GMT+0800

[info] Log at : 2023/12/1|15:07:48|GMT+0800

