*** Using Compiler 'V5.04 update 1 (build 49)', folder: 'F:\Program Files\Keil\ARM\ARMCC\Bin'
Build target 'Target 1'
compiling main.c...
main.c(46): warning:  #223-D: function "DELAY_Init" declared implicitly
  	DELAY_Init();//ÏÂÃæ¶¼ÊÇ³õÊ¼»¯º¯Êý
main.c(55): warning:  #167-D: argument of type "unsigned char *" is incompatible with parameter of type "char *"
  		OLED_ShowString(2, 1, buf);//×Ö·û´®ÏÔÊ¾
main.c(57): warning:  #167-D: argument of type "unsigned char *" is incompatible with parameter of type "char *"
  		OLED_ShowString(2, 3, buf);//×Ö·û´®ÏÔÊ¾
main.c(92): warning:  #167-D: argument of type "unsigned char *" is incompatible with parameter of type "char *"
  		OLED_ShowString(80, 1, buf);//×Ö·û´®ÏÔÊ¾
main.c(94): warning:  #167-D: argument of type "unsigned char *" is incompatible with parameter of type "char *"
  		OLED_ShowString(80, 3, buf);//×Ö·û´®ÏÔÊ¾
main.c(106): warning:  #167-D: argument of type "unsigned char *" is incompatible with parameter of type "char *"
  			OLED_ShowString(30, 6, buf);//×Ö·û´®ÏÔÊ¾
main.c(111): warning:  #167-D: argument of type "unsigned char *" is incompatible with parameter of type "char *"
  			OLED_ShowString(30, 6, buf);//×Ö·û´®ÏÔÊ¾
main.c: 7 warnings, 0 errors
assembling startup_stm32f10x_hd.s...
compiling delay.c...
compiling adc.c...
compiling core_cm3.c...
compiling usart.c...
compiling system_stm32f10x.c...
compiling misc.c...
compiling stm32f10x_gpio.c...
compiling Oled.c...
compiling sys.c...
compiling stm32f10x_flash.c...
compiling stm32f10x_it.c...
compiling stm32f10x_rcc.c...
compiling stm32f10x_fsmc.c...
compiling stm32f10x_tim.c...
compiling stm32f10x_usart.c...
compiling stm32f10x_adc.c...
compiling stm32f10x_dac.c...
compiling stm32f10x_dma.c...
compiling DTH11.c...
..\LIB\DTH11\DTH11.c(62): warning:  #68-D: integer conversion resulted in a change of sign
  	if(retry>45)  return -1;//³¬Ê±¼ì²â ½áÊø³ÌÐò
..\LIB\DTH11\DTH11.c: 1 warning, 0 errors
compiling Oled.c...
linking...
..\OBJ\ADC.axf: Warning: L6304W: Duplicate input file ..\obj\oled_1.o ignored.
Program Size: Code=7256 RO-data=1856 RW-data=52 ZI-data=1836  
Finished: 0 information, 1 warning and 0 error messages.
FromELF: creating hex file...
"..\OBJ\ADC.axf" - 0 Error(s), 9 Warning(s).
Build Time Elapsed:  00:00:02
